
ROM used:   5865/8192 (72%)
            5941/8192 (73%) including unused fragments

            1.6 Average locations per line
            8.3 Average locations per statement

RAM used:   8/368 (2%) at main() level
            103/368 (28%) worst case

Stack used: 3 worst case (3 in main + 0 for interrupts)
Stack size: 8

Lines Stmts  %   Files
----- ----- ---  -----
   68    41   6  cal.c
   10     0   0  cal.h
  672     0   0  ..\PICC\Devices\16F877A.h
   37     0   0  ..\PICC\Drivers\stdio.h
  423   125  18  ..\PICC\Drivers\string.h
   32     0   0  ..\PICC\Drivers\stddef.h
   28     0   0  ..\PICC\Drivers\ctype.h
 2229   257  37  ..\PICC\Drivers\math.h
  119   163  23  mienthuc.c
   70    84  12  mienphuc.c
   21    33   5  hang.c
----- -----
 3709   703 Total

Page ROM  %  RAM    Vol Diff  Functions:
---- --- --- ---    --- ----  ----------
1     63   1   10             @FLT
0    117   2   13             @MULFF
1    323   6   16             @ADDFF
0    217   4   14             @DIVFF
 Inline        18    510 10.6  sqrt
 Inline        12    181  6.2  power
0     42   1   13             @MUL3232
0     18   0    0     50  1.0  loiSyntax
0      6   0    0             @const874
0     88   2    4             @PSTRINGC7_9600_62_63
0    174   3    4   1022 10.2  nhap_so
0     16   0    0             @const886
 Inline         4   4846 11.5  mienthuc
0     17   0    0             @const888
0     20   0    0             @const889
0     15   0    0             @const890
0     15   0    0             @const891
0     18   0    0             @const892
0     10   0    0             @const901
0      5   0    0             @const902
0      5   0    0             @const903
0      9   0    0             @const904
0     12   0    0             @const906
0     89   2    5             @PSTRINGCN7_9600_62_63
0     79   1   13             @DIV3232
0    129   2   12             @PRINTF_L32D_9600_62_63
0     12   0    0             @const915
0     12   0    0             @const917
0     46   1    5             @SDTOF
0     12   0    0             @const921
 Inline         5             @FTOSD
0    228   4   13             @PRINTF_L32D_9600_62_63FPFPF
0     16   0    0             @const927
0      5   0    0             @const928
0      5   0    0             @const929
0      5   0    0             @const930
0      4   0    0             @const931
0      6   0    0             @const932
0      5   0    0             @const933
0      5   0    0             @const934
0      7   0    0             @const936
0      5   0    0             @const937
0      6   0    0             @const938
0      6   0    0             @const939
0     11   0    0             @const941
0      5   0    0             @const942
0     13   0    0             @const943
 Inline        14             @DIVS3232
 Inline         3             @DIV88
0     13   0    0             @const951
0      9   0    0             @const952
0     13   0    0             @const953
1    270   5   16    117  4.7  biendo
 Inline         4             @DTOF
1   1225  21    8   3420  9.0  mienphuc
0     17   0    0             @const967
0     14   0    0             @const968
0     16   0    0             @const969
0     10   0    0             @const977
0      5   0    0             @const978
0      5   0    0             @const979
0     10   0    0             @const980
0      5   0    0             @const981
0      5   0    0             @const982
0      9   0    0             @const983
0     13   0    0             @const985
0     13   0    0             @const987
0     13   0    0             @const989
0     11   0    0             @const994
1     10   0    0             @goto11921
0     10   0    0             @const996
0      5   0    0             @const997
0      5   0    0             @const998
0      7   0    0             @const1000
0     10   0    0             @const1001
0      5   0    0             @const1002
0      5   0    0             @const1003
0     13   0    0             @const1004
0     10   0    0             @const1005
 Inline         0    795  3.8  hang
0     11   0    0             @const1013
0     13   0    0             @const1014
0     15   0    0             @const1015
0     10   0    0             @const1016
0     12   0    0             @const1017
0      7   0    0             @const1019
0     15   0    0             @const1020
0     18   0    0             @const1021
0     12   0    0             @const1022
0     13   0    0             @const1023
0     20   0    1             @delay_ms5
 Inline         0    174  1.3  chonmien
0     13   0    0             @const1031
0     13   0    0             @const1032
0     12   0    0             @const1033
2   1845  31    0    280  3.6  thuchien
1    137   2    0    391  4.5  MAIN
0     11   0    0             @const1039
0     14   0    0             @const1040
0      8   0    0             @const1042
0      5   0    0             @const1043
 Inline         0             @cinit1

Program metrics:
    Functions               11
    Statements              703
    Comments                571
    Volume (V)              16435
    Difficulty (D)          57.8
    Effort to implement (E) 949323
    Time to implement (T)   14 hours, 39 minutes
    Est Delivered Bugs (B)  3
    Cyclomatic Complexity   43
    Maintainability (MI)    15

 Segment     Used  Free
-----------  ----  ----
00000-00003     4  0  
00004-007FF  1988  56  
00800-00FFF  2028  20  
01000-017FF  1845  203  
01800-01FFF     0  2048  



